📅 Pinged on Fri Jul 25 16:51:37 UTC 2025
📅 Pinged on Sat Jul 26 01:25:56 UTC 2025
Ping at Sat Jul 26 04:13:16 UTC 2025
Ping at Sat Jul 26 04:14:44 UTC 2025
Ping at Sat Jul 26 04:41:56 UTC 2025
Ping at Sat Jul 26 04:44:33 UTC 2025
Ping at Sun Jul 27 01:42:19 UTC 2025
📅 Pinged on Mon Jul 28 01:40:54 UTC 2025
📅 Pinged on Tue Jul 29 01:45:59 UTC 2025
📅 Pinged on Wed Jul 30 01:27:29 UTC 2025
📅 Pinged on Thu Jul 31 01:27:10 UTC 2025
📅 Pinged on Fri Aug  1 01:45:49 UTC 2025
📅 Pinged on Sat Aug  2 01:23:34 UTC 2025
📅 Pinged on Sun Aug  3 01:43:40 UTC 2025
📅 Pinged on Mon Aug  4 01:43:49 UTC 2025
📅 Pinged on Tue Aug  5 01:39:18 UTC 2025
📅 Pinged on Wed Aug  6 01:27:54 UTC 2025
📅 Pinged on Thu Aug  7 01:28:28 UTC 2025
📅 Pinged on Fri Aug  8 01:27:53 UTC 2025
📅 Pinged on Sat Aug  9 01:20:59 UTC 2025
📅 Pinged on Sun Aug 10 01:40:46 UTC 2025
📅 Pinged on Mon Aug 11 01:28:24 UTC 2025
📅 Pinged on Tue Aug 12 01:20:12 UTC 2025
📅 Pinged on Wed Aug 13 01:21:42 UTC 2025
📅 Pinged on Thu Aug 14 01:22:03 UTC 2025
📅 Pinged on Fri Aug 15 01:22:35 UTC 2025
📅 Pinged on Sat Aug 16 01:18:33 UTC 2025
📅 Pinged on Sun Aug 17 01:27:29 UTC 2025
📅 Pinged on Mon Aug 18 01:26:34 UTC 2025
📅 Pinged on Tue Aug 19 01:18:35 UTC 2025
📅 Pinged on Wed Aug 20 01:16:38 UTC 2025
📅 Pinged on Thu Aug 21 01:15:42 UTC 2025
